<?xml version="1.0" encoding="UTF-8"?>
<testsuite xmlns:xsi="http://www.w3.org/2001/XMLSchema-instance" xsi:noNamespaceSchemaLocation="https://maven.apache.org/surefire/maven-surefire-plugin/xsd/surefire-test-report-3.0.xsd" version="3.0" name="TestSuite" time="5.403" tests="5" errors="0" skipped="0" failures="0">
  <properties>
    <property name="java.specification.version" value="18"/>
    <property name="sun.jnu.encoding" value="UTF-8"/>
    <property name="java.class.path" value="/Users/deepak.tiwari/IdeaProjects/Qualitycheck/target/test-classes:/Users/deepak.tiwari/IdeaProjects/Qualitycheck/target/classes:/Users/deepak.tiwari/.m2/repository/org/testng/testng/7.1.0/testng-7.1.0.jar:/Users/deepak.tiwari/.m2/repository/com/beust/jcommander/1.72/jcommander-1.72.jar:/Users/deepak.tiwari/.m2/repository/com/google/inject/guice/4.1.0/guice-4.1.0-no_aop.jar:/Users/deepak.tiwari/.m2/repository/javax/inject/javax.inject/1/javax.inject-1.jar:/Users/deepak.tiwari/.m2/repository/aopalliance/aopalliance/1.0/aopalliance-1.0.jar:/Users/deepak.tiwari/.m2/repository/com/google/guava/guava/19.0/guava-19.0.jar:/Users/deepak.tiwari/.m2/repository/org/yaml/snakeyaml/1.21/snakeyaml-1.21.jar:/Users/deepak.tiwari/.m2/repository/org/sonarsource/scanner/maven/sonar-maven-plugin/3.6.0.1398/sonar-maven-plugin-3.6.0.1398.jar:/Users/deepak.tiwari/.m2/repository/org/sonatype/plexus/plexus-sec-dispatcher/1.4/plexus-sec-dispatcher-1.4.jar:/Users/deepak.tiwari/.m2/repository/org/sonatype/plexus/plexus-cipher/1.4/plexus-cipher-1.4.jar:/Users/deepak.tiwari/.m2/repository/org/codehaus/plexus/plexus-utils/3.0.22/plexus-utils-3.0.22.jar:/Users/deepak.tiwari/.m2/repository/org/sonarsource/scanner/api/sonar-scanner-api/2.12.0.1661/sonar-scanner-api-2.12.0.1661.jar:/Users/deepak.tiwari/.m2/repository/commons-lang/commons-lang/2.6/commons-lang-2.6.jar:"/>
    <property name="java.vm.vendor" value="Homebrew"/>
    <property name="sun.arch.data.model" value="64"/>
    <property name="java.vendor.url" value="https://github.com/Homebrew/homebrew-core/issues"/>
    <property name="user.timezone" value="Asia/Kolkata"/>
    <property name="os.name" value="Mac OS X"/>
    <property name="java.vm.specification.version" value="18"/>
    <property name="sun.java.launcher" value="SUN_STANDARD"/>
    <property name="user.country" value="IN"/>
    <property name="sun.boot.library.path" value="/usr/local/Cellar/openjdk/18.0.1.1/libexec/openjdk.jdk/Contents/Home/lib"/>
    <property name="sun.java.command" value="/Users/deepak.tiwari/IdeaProjects/Qualitycheck/target/surefire/surefirebooter12432571203276929941.jar /Users/deepak.tiwari/IdeaProjects/Qualitycheck/target/surefire 2022-06-20T12-30-44_257-jvmRun1 surefire4303235359100820912tmp surefire_08786949408494432818tmp"/>
    <property name="jdk.debug" value="release"/>
    <property name="surefire.test.class.path" value="/Users/deepak.tiwari/IdeaProjects/Qualitycheck/target/test-classes:/Users/deepak.tiwari/IdeaProjects/Qualitycheck/target/classes:/Users/deepak.tiwari/.m2/repository/org/testng/testng/7.1.0/testng-7.1.0.jar:/Users/deepak.tiwari/.m2/repository/com/beust/jcommander/1.72/jcommander-1.72.jar:/Users/deepak.tiwari/.m2/repository/com/google/inject/guice/4.1.0/guice-4.1.0-no_aop.jar:/Users/deepak.tiwari/.m2/repository/javax/inject/javax.inject/1/javax.inject-1.jar:/Users/deepak.tiwari/.m2/repository/aopalliance/aopalliance/1.0/aopalliance-1.0.jar:/Users/deepak.tiwari/.m2/repository/com/google/guava/guava/19.0/guava-19.0.jar:/Users/deepak.tiwari/.m2/repository/org/yaml/snakeyaml/1.21/snakeyaml-1.21.jar:/Users/deepak.tiwari/.m2/repository/org/sonarsource/scanner/maven/sonar-maven-plugin/3.6.0.1398/sonar-maven-plugin-3.6.0.1398.jar:/Users/deepak.tiwari/.m2/repository/org/sonatype/plexus/plexus-sec-dispatcher/1.4/plexus-sec-dispatcher-1.4.jar:/Users/deepak.tiwari/.m2/repository/org/sonatype/plexus/plexus-cipher/1.4/plexus-cipher-1.4.jar:/Users/deepak.tiwari/.m2/repository/org/codehaus/plexus/plexus-utils/3.0.22/plexus-utils-3.0.22.jar:/Users/deepak.tiwari/.m2/repository/org/sonarsource/scanner/api/sonar-scanner-api/2.12.0.1661/sonar-scanner-api-2.12.0.1661.jar:/Users/deepak.tiwari/.m2/repository/commons-lang/commons-lang/2.6/commons-lang-2.6.jar:"/>
    <property name="sun.cpu.endian" value="little"/>
    <property name="user.home" value="/Users/deepak.tiwari"/>
    <property name="user.language" value="en"/>
    <property name="java.specification.vendor" value="Oracle Corporation"/>
    <property name="java.version.date" value="2022-04-22"/>
    <property name="java.home" value="/usr/local/Cellar/openjdk/18.0.1.1/libexec/openjdk.jdk/Contents/Home"/>
    <property name="file.separator" value="/"/>
    <property name="basedir" value="/Users/deepak.tiwari/IdeaProjects/Qualitycheck"/>
    <property name="java.vm.compressedOopsMode" value="Zero based"/>
    <property name="line.separator" value="&#10;"/>
    <property name="java.vm.specification.vendor" value="Oracle Corporation"/>
    <property name="java.specification.name" value="Java Platform API Specification"/>
    <property name="apple.awt.application.name" value="ForkedBooter"/>
    <property name="surefire.real.class.path" value="/Users/deepak.tiwari/IdeaProjects/Qualitycheck/target/surefire/surefirebooter12432571203276929941.jar"/>
    <property name="sun.management.compiler" value="HotSpot 64-Bit Tiered Compilers"/>
    <property name="java.runtime.version" value="18.0.1.1+0"/>
    <property name="user.name" value="deepak.tiwari"/>
    <property name="path.separator" value=":"/>
    <property name="os.version" value="11.4"/>
    <property name="java.runtime.name" value="OpenJDK Runtime Environment"/>
    <property name="file.encoding" value="UTF-8"/>
    <property name="java.vm.name" value="OpenJDK 64-Bit Server VM"/>
    <property name="java.vendor.version" value="Homebrew"/>
    <property name="localRepository" value="/Users/deepak.tiwari/.m2/repository"/>
    <property name="java.vendor.url.bug" value="https://github.com/Homebrew/homebrew-core/issues"/>
    <property name="java.io.tmpdir" value="/var/folders/3y/nhtszvtx5m52vxvfyyt2_xjr0000gp/T/"/>
    <property name="java.version" value="18.0.1.1"/>
    <property name="user.dir" value="/Users/deepak.tiwari/IdeaProjects/Qualitycheck"/>
    <property name="os.arch" value="x86_64"/>
    <property name="java.vm.specification.name" value="Java Virtual Machine Specification"/>
    <property name="native.encoding" value="UTF-8"/>
    <property name="java.library.path" value="/Users/deepak.tiwari/Library/Java/Extensions:/Library/Java/Extensions:/Network/Library/Java/Extensions:/System/Library/Java/Extensions:/usr/lib/java:."/>
    <property name="java.vm.info" value="mixed mode, sharing"/>
    <property name="java.vendor" value="Homebrew"/>
    <property name="java.vm.version" value="18.0.1.1+0"/>
    <property name="sun.io.unicode.encoding" value="UnicodeBig"/>
    <property name="java.class.version" value="62.0"/>
  </properties>
  <testcase name="test_one" classname="example" time="0.005">
    <system-out><![CDATA[Executing test one ]]></system-out>
  </testcase>
  <testcase name="test_two" classname="example" time="0">
    <system-out><![CDATA[Executing test two ]]></system-out>
  </testcase>
  <testcase name="test_three" classname="example" time="0">
    <system-out><![CDATA[Executing test three ]]></system-out>
  </testcase>
  <testcase name="test_four" classname="example" time="0.001">
    <system-out><![CDATA[Executing test four ]]></system-out>
  </testcase>
  <testcase name="test_five" classname="example" time="0">
    <system-out><![CDATA[Executing test five ]]></system-out>
  </testcase>
</testsuite>