<?xml version="1.0" encoding="UTF-8"?>
<!-- Generated by org.testng.reporters.JUnitReportReporter -->
<testsuite hostname="RILTP-1473.local" failures="0" tests="5" name="example" time="0.004" errors="0" timestamp="2022-06-20T12:30:50 IST" skipped="0">
  <testcase classname="example" name="test_one" time="0.004"/>
  <system-out/>
  <testcase classname="example" name="test_two" time="0.000"/>
  <system-out/>
  <testcase classname="example" name="test_three" time="0.000"/>
  <system-out/>
  <testcase classname="example" name="test_four" time="0.000"/>
  <system-out/>
  <testcase classname="example" name="test_five" time="0.000"/>
  <system-out/>
</testsuite> <!-- example -->
